<?xml version="1.0" encoding="UTF-8"?>
<!-- Generated by org.testng.reporters.JUnitReportReporter -->
<testsuite hostname="DESKTOP-80R0UJG" name="org.testing.TestNgExample1" tests="2" failures="0" timestamp="18 Feb 2024 17:23:25 GMT" time="14.124" errors="0">
  <testcase name="Test1" time="8.870" classname="org.testing.TestNgExample1"/>
  <testcase name="Test2" time="5.254" classname="org.testing.TestNgExample1"/>
</testsuite> <!-- org.testing.TestNgExample1 -->
