<?xml version="1.0" encoding="UTF-8"?>
<!-- Generated by org.testng.reporters.JUnitReportReporter -->
<testsuite hostname="DESKTOP-80R0UJG" name="org.testing.TestNgExample1" tests="1" failures="0" timestamp="2 Feb 2024 15:28:53 GMT" time="6.753" errors="0">
  <testcase name="Test" time="6.753" classname="org.testing.TestNgExample1"/>
</testsuite> <!-- org.testing.TestNgExample1 -->
